     1                                  bits 32
     2                                  
     3                                  global start
     4                                  extern exit
     5                                  import exit msvcrt.dll
     6                                  
     7                                  segment data use32 class=data
     8                                      ;(a+d-c)-(b+b)
     9 00000000 05                          a db 5
    10 00000001 0A                          b db 10
    11 00000002 14                          c db 20
    12 00000003 1E                          d db 30
    13                                  
    14                                  segment code use32 class=code
    15                                      start:
    16 00000000 A0[00000000]                    mov Al, [a]   ;Al=a
    17 00000005 0205[03000000]                  add Al, [d]   ;Al+=b
    18 0000000B 2A05[02000000]                  sub Al, [c]   ;Al-=c
    19 00000011 8A1D[01000000]                  mov Bl, [b] ;Bl=b
    20 00000017 021D[01000000]                  add Bl, [b]   ;Bl+=b
    21 0000001D 28D8                            sub Al,Bl   ;Al-=Bl
    22                                      
    23 0000001F 6A00                        push dword 0
    24 00000021 FF15[00000000]              call [exit]
