     1                                  ;Se citeste o propozitie de la tastatura. Sa se numere literele din fiecare cuvant si sa se afiseze aceste numere pe ecran.
     2                                  bits 32
     3                                  
     4                                  global start
     5                                  
     6                                  extern exit
     7                                  import exit msvcrt.dll
     8                                  
     9                                  extern count
    10                                  
    11                                  extern scanf
    12                                  import scanf msvcrt.dll
    13                                  
    14                                  extern printf
    15                                  import printf msvcrt.dll
    16                                  
    17                                  segment data use32 class=data
    18 00000000 00<rept>                    string times 1000 db 0
    19 000003E8 257300                      formatstr db "%s",0
    20 000003EB 256300                      formatchr db "%c",0
    21 000003EE 256400                      formatnr db "%d",0
    22 000003F1 00                          chr db 0
    23 000003F2 00                          done db 0
    24 000003F3 00000000<rept>              numbers times 100 dd 0
    25 00000583 00000000                    counter dd 0
    26                                      
    27                                  segment code use32 class=code
    28                                      start:
    29                                      for1:
    30 00000000 BF[00000000]                    mov edi, string
    31                                          for2:
    32 00000005 68[F1030000]                        push chr
    33 0000000A 68[EB030000]                        push formatchr
    34 0000000F FF15[00000000]                      call [scanf]
    35 00000015 83C408                              add esp,8
    36                                              
    37 00000018 A0[F1030000]                        mov al,[chr]
    38 0000001D AA                                  stosb 
    39                                              
    40 0000001E 807FFF0A                            cmp [edi-1],byte 10
    41 00000022 7509                                jne notend
    42 00000024 C605[F2030000]01                    mov [done],byte 1
    43 0000002B EB08                                jmp endfor2
    44                                              notend:
    45 0000002D 807FFF20                            cmp [edi-1],byte ' '
    46 00000031 7402                                je endfor2
    47 00000033 EBD0                            jmp for2
    48                                          endfor2:
    49 00000035 C60700                          mov [edi],byte 0
    50                                          
    51                                          
    52 00000038 68[00000000]                    push string
    53 0000003D E8(00000000)                    call count
    54 00000042 83C404                          add esp,4
    55 00000045 8B1D[83050000]                  mov ebx, [counter]
    56 0000004B 89049D[F3030000]                mov [numbers+ebx*4],eax
    57 00000052 FF05[83050000]                  inc dword [counter]
    58                                          
    59 00000058 803D[F2030000]01                cmp [done],byte 1
    60 0000005F 7402                            je finish
    61 00000061 EB9D                        jmp for1
    62                                      finish:
    63 00000063 8B0D[83050000]              mov ecx,[counter]
    64 00000069 BE[F3030000]                mov esi,numbers
    65                                      for3:
    66 0000006E 60                              pusha
    67 0000006F 56                              push esi
    68 00000070 68[EE030000]                    push formatnr
    69 00000075 FF15[00000000]                  call [printf]
    70 0000007B 83C408                          add esp,8
    71 0000007E 61                              popa
    72 0000007F 83C604                          add esi, 4
    73 00000082 E2EA                        loop for3
    74 00000084 6A00                        push dword 0
    75 00000086 FF15[00000000]              call [exit]
    76                                      
    77                                      
